  FinalProject.cpp
D:\Backup\Desktop\OOP\VS2022\FinalProject\UI.cpp(1,1): warning C4819: 该文件包含不能在当前代码页(936)中表示的字符。请将该文件保存为 Unicode 格式以防止数据丢失
  (编译源文件“FinalProject.cpp”)
  
D:\Backup\Desktop\OOP\VS2022\FinalProject\UI.hpp(1,1): warning C4819: 该文件包含不能在当前代码页(936)中表示的字符。请将该文件保存为 Unicode 格式以防止数据丢失
  (编译源文件“FinalProject.cpp”)
  
D:\Backup\Desktop\OOP\VS2022\FinalProject\Controller.cpp(1,1): warning C4819: 该文件包含不能在当前代码页(936)中表示的字符。请将该文件保存为 Unicode 格式以防止数据丢失
  (编译源文件“FinalProject.cpp”)
  
D:\Backup\Desktop\OOP\VS2022\FinalProject\Controller.hpp(1,1): warning C4819: 该文件包含不能在当前代码页(936)中表示的字符。请将该文件保存为 Unicode 格式以防止数据丢失
  (编译源文件“FinalProject.cpp”)
  
D:\Backup\Desktop\OOP\VS2022\FinalProject\ExporterOBJ.cpp(1,1): warning C4819: 该文件包含不能在当前代码页(936)中表示的字符。请将该文件保存为 Unicode 格式以防止数据丢失
  (编译源文件“FinalProject.cpp”)
  
D:\Backup\Desktop\OOP\VS2022\FinalProject\ExporterOBJ.hpp(1,1): warning C4819: 该文件包含不能在当前代码页(936)中表示的字符。请将该文件保存为 Unicode 格式以防止数据丢失
  (编译源文件“FinalProject.cpp”)
  
D:\Backup\Desktop\OOP\VS2022\FinalProject\Exporter.hpp(1,1): warning C4819: 该文件包含不能在当前代码页(936)中表示的字符。请将该文件保存为 Unicode 格式以防止数据丢失
  (编译源文件“FinalProject.cpp”)
  
D:\Backup\Desktop\OOP\VS2022\FinalProject\Model3D.cpp(1,1): warning C4819: 该文件包含不能在当前代码页(936)中表示的字符。请将该文件保存为 Unicode 格式以防止数据丢失
  (编译源文件“FinalProject.cpp”)
  
D:\Backup\Desktop\OOP\VS2022\FinalProject\Model3D.hpp(1,1): warning C4819: 该文件包含不能在当前代码页(936)中表示的字符。请将该文件保存为 Unicode 格式以防止数据丢失
  (编译源文件“FinalProject.cpp”)
  
D:\Backup\Desktop\OOP\VS2022\FinalProject\Model.cpp(1,1): warning C4819: 该文件包含不能在当前代码页(936)中表示的字符。请将该文件保存为 Unicode 格式以防止数据丢失
  (编译源文件“FinalProject.cpp”)
  
D:\Backup\Desktop\OOP\VS2022\FinalProject\Model.hpp(1,1): warning C4819: 该文件包含不能在当前代码页(936)中表示的字符。请将该文件保存为 Unicode 格式以防止数据丢失
  (编译源文件“FinalProject.cpp”)
  
D:\Backup\Desktop\OOP\VS2022\FinalProject\Line3D.cpp(1,1): warning C4819: 该文件包含不能在当前代码页(936)中表示的字符。请将该文件保存为 Unicode 格式以防止数据丢失
  (编译源文件“FinalProject.cpp”)
  
D:\Backup\Desktop\OOP\VS2022\FinalProject\Line3D.hpp(1,1): warning C4819: 该文件包含不能在当前代码页(936)中表示的字符。请将该文件保存为 Unicode 格式以防止数据丢失
  (编译源文件“FinalProject.cpp”)
  
D:\Backup\Desktop\OOP\VS2022\FinalProject\Point3D.cpp(1,1): warning C4819: 该文件包含不能在当前代码页(936)中表示的字符。请将该文件保存为 Unicode 格式以防止数据丢失
  (编译源文件“FinalProject.cpp”)
  
D:\Backup\Desktop\OOP\VS2022\FinalProject\Point3D.hpp(1,1): warning C4819: 该文件包含不能在当前代码页(936)中表示的字符。请将该文件保存为 Unicode 格式以防止数据丢失
  (编译源文件“FinalProject.cpp”)
  
D:\Backup\Desktop\OOP\VS2022\FinalProject\Point.cpp(1,1): warning C4819: 该文件包含不能在当前代码页(936)中表示的字符。请将该文件保存为 Unicode 格式以防止数据丢失
  (编译源文件“FinalProject.cpp”)
  
D:\Backup\Desktop\OOP\VS2022\FinalProject\Point.hpp(1,1): warning C4819: 该文件包含不能在当前代码页(936)中表示的字符。请将该文件保存为 Unicode 格式以防止数据丢失
  (编译源文件“FinalProject.cpp”)
  
D:\Backup\Desktop\OOP\VS2022\FinalProject\Face3D.cpp(1,1): warning C4819: 该文件包含不能在当前代码页(936)中表示的字符。请将该文件保存为 Unicode 格式以防止数据丢失
  (编译源文件“FinalProject.cpp”)
  
D:\Backup\Desktop\OOP\VS2022\FinalProject\Face3D.hpp(1,1): warning C4819: 该文件包含不能在当前代码页(936)中表示的字符。请将该文件保存为 Unicode 格式以防止数据丢失
  (编译源文件“FinalProject.cpp”)
  
D:\Backup\Desktop\OOP\VS2022\FinalProject\ExporterOBJ.cpp(90,60): error C2679: 二元“<<”: 没有找到接受“const std::vector<float,std::allocator<float>>”类型的右操作数的运算符(或没有可接受的转换)
  (编译源文件“FinalProject.cpp”)
  C:\Program Files\Microsoft Visual Studio\2022\Community\VC\Tools\MSVC\14.39.33519\include\ostream(480,39):
  可能是“std::basic_ostream<char,std::char_traits<char>> &std::basic_ostream<char,std::char_traits<char>>::operator <<(std::basic_streambuf<char,std::char_traits<char>> *)”
  	D:\Backup\Desktop\OOP\VS2022\FinalProject\ExporterOBJ.cpp(90,60):
  	“std::basic_ostream<char,std::char_traits<char>> &std::basic_ostream<char,std::char_traits<char>>::operator <<(std::basic_streambuf<char,std::char_traits<char>> *)”: 无法将参数 2 从“const std::vector<float,std::allocator<float>>”转换为“std::basic_streambuf<char,std::char_traits<char>> *”
  		D:\Backup\Desktop\OOP\VS2022\FinalProject\ExporterOBJ.cpp(90,108):
  		没有可用于执行该转换的用户定义的转换运算符，或者无法调用该运算符
  C:\Program Files\Microsoft Visual Studio\2022\Community\VC\Tools\MSVC\14.39.33519\include\ostream(448,39):
  或    “std::basic_ostream<char,std::char_traits<char>> &std::basic_ostream<char,std::char_traits<char>>::operator <<(const void *)”
  	D:\Backup\Desktop\OOP\VS2022\FinalProject\ExporterOBJ.cpp(90,60):
  	“std::basic_ostream<char,std::char_traits<char>> &std::basic_ostream<char,std::char_traits<char>>::operator <<(const void *)”: 无法将参数 2 从“const std::vector<float,std::allocator<float>>”转换为“const void *”
  		D:\Backup\Desktop\OOP\VS2022\FinalProject\ExporterOBJ.cpp(90,108):
  		没有可用于执行该转换的用户定义的转换运算符，或者无法调用该运算符
  C:\Program Files\Microsoft Visual Studio\2022\Community\VC\Tools\MSVC\14.39.33519\include\ostream(430,39):
  或    “std::basic_ostream<char,std::char_traits<char>> &std::basic_ostream<char,std::char_traits<char>>::operator <<(long double)”
  	D:\Backup\Desktop\OOP\VS2022\FinalProject\ExporterOBJ.cpp(90,60):
  	“std::basic_ostream<char,std::char_traits<char>> &std::basic_ostream<char,std::char_traits<char>>::operator <<(long double)”: 无法将参数 2 从“const std::vector<float,std::allocator<float>>”转换为“long double”
  		D:\Backup\Desktop\OOP\VS2022\FinalProject\ExporterOBJ.cpp(90,108):
  		没有可用于执行该转换的用户定义的转换运算符，或者无法调用该运算符
  C:\Program Files\Microsoft Visual Studio\2022\Community\VC\Tools\MSVC\14.39.33519\include\ostream(412,39):
  或    “std::basic_ostream<char,std::char_traits<char>> &std::basic_ostream<char,std::char_traits<char>>::operator <<(double)”
  	D:\Backup\Desktop\OOP\VS2022\FinalProject\ExporterOBJ.cpp(90,60):
  	“std::basic_ostream<char,std::char_traits<char>> &std::basic_ostream<char,std::char_traits<char>>::operator <<(double)”: 无法将参数 2 从“const std::vector<float,std::allocator<float>>”转换为“double”
  		D:\Backup\Desktop\OOP\VS2022\FinalProject\ExporterOBJ.cpp(90,108):
  		没有可用于执行该转换的用户定义的转换运算符，或者无法调用该运算符
  C:\Program Files\Microsoft Visual Studio\2022\Community\VC\Tools\MSVC\14.39.33519\include\ostream(394,39):
  或    “std::basic_ostream<char,std::char_traits<char>> &std::basic_ostream<char,std::char_traits<char>>::operator <<(float)”
  	D:\Backup\Desktop\OOP\VS2022\FinalProject\ExporterOBJ.cpp(90,60):
  	“std::basic_ostream<char,std::char_traits<char>> &std::basic_ostream<char,std::char_traits<char>>::operator <<(float)”: 无法将参数 2 从“const std::vector<float,std::allocator<float>>”转换为“float”
  		D:\Backup\Desktop\OOP\VS2022\FinalProject\ExporterOBJ.cpp(90,108):
  		没有可用于执行该转换的用户定义的转换运算符，或者无法调用该运算符
  C:\Program Files\Microsoft Visual Studio\2022\Community\VC\Tools\MSVC\14.39.33519\include\ostream(376,39):
  或    “std::basic_ostream<char,std::char_traits<char>> &std::basic_ostream<char,std::char_traits<char>>::operator <<(unsigned __int64)”
  	D:\Backup\Desktop\OOP\VS2022\FinalProject\ExporterOBJ.cpp(90,60):
  	“std::basic_ostream<char,std::char_traits<char>> &std::basic_ostream<char,std::char_traits<char>>::operator <<(unsigned __int64)”: 无法将参数 2 从“const std::vector<float,std::allocator<float>>”转换为“unsigned __int64”
  		D:\Backup\Desktop\OOP\VS2022\FinalProject\ExporterOBJ.cpp(90,108):
  		没有可用于执行该转换的用户定义的转换运算符，或者无法调用该运算符
  C:\Program Files\Microsoft Visual Studio\2022\Community\VC\Tools\MSVC\14.39.33519\include\ostream(358,39):
  或    “std::basic_ostream<char,std::char_traits<char>> &std::basic_ostream<char,std::char_traits<char>>::operator <<(__int64)”
  	D:\Backup\Desktop\OOP\VS2022\FinalProject\ExporterOBJ.cpp(90,60):
  	“std::basic_ostream<char,std::char_traits<char>> &std::basic_ostream<char,std::char_traits<char>>::operator <<(__int64)”: 无法将参数 2 从“const std::vector<float,std::allocator<float>>”转换为“__int64”
  		D:\Backup\Desktop\OOP\VS2022\FinalProject\ExporterOBJ.cpp(90,108):
  		没有可用于执行该转换的用户定义的转换运算符，或者无法调用该运算符
  C:\Program Files\Microsoft Visual Studio\2022\Community\VC\Tools\MSVC\14.39.33519\include\ostream(340,39):
  或    “std::basic_ostream<char,std::char_traits<char>> &std::basic_ostream<char,std::char_traits<char>>::operator <<(unsigned long)”
  	D:\Backup\Desktop\OOP\VS2022\FinalProject\ExporterOBJ.cpp(90,60):
  	“std::basic_ostream<char,std::char_traits<char>> &std::basic_ostream<char,std::char_traits<char>>::operator <<(unsigned long)”: 无法将参数 2 从“const std::vector<float,std::allocator<float>>”转换为“unsigned long”
  		D:\Backup\Desktop\OOP\VS2022\FinalProject\ExporterOBJ.cpp(90,108):
  		没有可用于执行该转换的用户定义的转换运算符，或者无法调用该运算符
  C:\Program Files\Microsoft Visual Studio\2022\Community\VC\Tools\MSVC\14.39.33519\include\ostream(322,39):
  或    “std::basic_ostream<char,std::char_traits<char>> &std::basic_ostream<char,std::char_traits<char>>::operator <<(long)”
  	D:\Backup\Desktop\OOP\VS2022\FinalProject\ExporterOBJ.cpp(90,60):
  	“std::basic_ostream<char,std::char_traits<char>> &std::basic_ostream<char,std::char_traits<char>>::operator <<(long)”: 无法将参数 2 从“const std::vector<float,std::allocator<float>>”转换为“long”
  		D:\Backup\Desktop\OOP\VS2022\FinalProject\ExporterOBJ.cpp(90,108):
  		没有可用于执行该转换的用户定义的转换运算符，或者无法调用该运算符
  C:\Program Files\Microsoft Visual Studio\2022\Community\VC\Tools\MSVC\14.39.33519\include\ostream(303,39):
  或    “std::basic_ostream<char,std::char_traits<char>> &std::basic_ostream<char,std::char_traits<char>>::operator <<(unsigned int)”
  	D:\Backup\Desktop\OOP\VS2022\FinalProject\ExporterOBJ.cpp(90,60):
  	“std::basic_ostream<char,std::char_traits<char>> &std::basic_ostream<char,std::char_traits<char>>::operator <<(unsigned int)”: 无法将参数 2 从“const std::vector<float,std::allocator<float>>”转换为“unsigned int”
  		D:\Backup\Desktop\OOP\VS2022\FinalProject\ExporterOBJ.cpp(90,108):
  		没有可用于执行该转换的用户定义的转换运算符，或者无法调用该运算符
  C:\Program Files\Microsoft Visual Studio\2022\Community\VC\Tools\MSVC\14.39.33519\include\ostream(277,39):
  或    “std::basic_ostream<char,std::char_traits<char>> &std::basic_ostream<char,std::char_traits<char>>::operator <<(int)”
  	D:\Backup\Desktop\OOP\VS2022\FinalProject\ExporterOBJ.cpp(90,60):
  	“std::basic_ostream<char,std::char_traits<char>> &std::basic_ostream<char,std::char_traits<char>>::operator <<(int)”: 无法将参数 2 从“const std::vector<float,std::allocator<float>>”转换为“int”
  		D:\Backup\Desktop\OOP\VS2022\FinalProject\ExporterOBJ.cpp(90,108):
  		没有可用于执行该转换的用户定义的转换运算符，或者无法调用该运算符
  C:\Program Files\Microsoft Visual Studio\2022\Community\VC\Tools\MSVC\14.39.33519\include\ostream(258,39):
  或    “std::basic_ostream<char,std::char_traits<char>> &std::basic_ostream<char,std::char_traits<char>>::operator <<(unsigned short)”
  	D:\Backup\Desktop\OOP\VS2022\FinalProject\ExporterOBJ.cpp(90,60):
  	“std::basic_ostream<char,std::char_traits<char>> &std::basic_ostream<char,std::char_traits<char>>::operator <<(unsigned short)”: 无法将参数 2 从“const std::vector<float,std::allocator<float>>”转换为“unsigned short”
  		D:\Backup\Desktop\OOP\VS2022\FinalProject\ExporterOBJ.cpp(90,108):
  		没有可用于执行该转换的用户定义的转换运算符，或者无法调用该运算符
  C:\Program Files\Microsoft Visual Studio\2022\Community\VC\Tools\MSVC\14.39.33519\include\ostream(224,39):
  或    “std::basic_ostream<char,std::char_traits<char>> &std::basic_ostream<char,std::char_traits<char>>::operator <<(short)”
  	D:\Backup\Desktop\OOP\VS2022\FinalProject\ExporterOBJ.cpp(90,60):
  	“std::basic_ostream<char,std::char_traits<char>> &std::basic_ostream<char,std::char_traits<char>>::operator <<(short)”: 无法将参数 2 从“const std::vector<float,std::allocator<float>>”转换为“short”
  		D:\Backup\Desktop\OOP\VS2022\FinalProject\ExporterOBJ.cpp(90,108):
  		没有可用于执行该转换的用户定义的转换运算符，或者无法调用该运算符
  C:\Program Files\Microsoft Visual Studio\2022\Community\VC\Tools\MSVC\14.39.33519\include\ostream(206,39):
  或    “std::basic_ostream<char,std::char_traits<char>> &std::basic_ostream<char,std::char_traits<char>>::operator <<(bool)”
  	D:\Backup\Desktop\OOP\VS2022\FinalProject\ExporterOBJ.cpp(90,60):
  	“std::basic_ostream<char,std::char_traits<char>> &std::basic_ostream<char,std::char_traits<char>>::operator <<(bool)”: 无法将参数 2 从“const std::vector<float,std::allocator<float>>”转换为“bool”
  		D:\Backup\Desktop\OOP\VS2022\FinalProject\ExporterOBJ.cpp(90,108):
  		没有可用于执行该转换的用户定义的转换运算符，或者无法调用该运算符
  C:\Program Files\Microsoft Visual Studio\2022\Community\VC\Tools\MSVC\14.39.33519\include\ostream(200,39):
  或    “std::basic_ostream<char,std::char_traits<char>> &std::basic_ostream<char,std::char_traits<char>>::operator <<(std::ios_base &(__cdecl *)(std::ios_base &))”
  	D:\Backup\Desktop\OOP\VS2022\FinalProject\ExporterOBJ.cpp(90,60):
  	“std::basic_ostream<char,std::char_traits<char>> &std::basic_ostream<char,std::char_traits<char>>::operator <<(std::ios_base &(__cdecl *)(std::ios_base &))”: 无法将参数 2 从“const std::vector<float,std::allocator<float>>”转换为“std::ios_base &(__cdecl *)(std::ios_base &)”
  		D:\Backup\Desktop\OOP\VS2022\FinalProject\ExporterOBJ.cpp(90,108):
  		没有可用于执行该转换的用户定义的转换运算符，或者无法调用该运算符
  C:\Program Files\Microsoft Visual Studio\2022\Community\VC\Tools\MSVC\14.39.33519\include\ostream(194,39):
  或    “std::basic_ostream<char,std::char_traits<char>> &std::basic_ostream<char,std::char_traits<char>>::operator <<(std::basic_ios<char,std::char_traits<char>> &(__cdecl *)(std::basic_ios<char,std::char_traits<char>> &))”
  	D:\Backup\Desktop\OOP\VS2022\FinalProject\ExporterOBJ.cpp(90,60):
  	“std::basic_ostream<char,std::char_traits<char>> &std::basic_ostream<char,std::char_traits<char>>::operator <<(std::basic_ios<char,std::char_traits<char>> &(__cdecl *)(std::basic_ios<char,std::char_traits<char>> &))”: 无法将参数 2 从“const std::vector<float,std::allocator<float>>”转换为“std::basic_ios<char,std::char_traits<char>> &(__cdecl *)(std::basic_ios<char,std::char_traits<char>> &)”
  		D:\Backup\Desktop\OOP\VS2022\FinalProject\ExporterOBJ.cpp(90,108):
  		没有可用于执行该转换的用户定义的转换运算符，或者无法调用该运算符
  C:\Program Files\Microsoft Visual Studio\2022\Community\VC\Tools\MSVC\14.39.33519\include\ostream(189,39):
  或    “std::basic_ostream<char,std::char_traits<char>> &std::basic_ostream<char,std::char_traits<char>>::operator <<(std::basic_ostream<char,std::char_traits<char>> &(__cdecl *)(std::basic_ostream<char,std::char_traits<char>> &))”
  	D:\Backup\Desktop\OOP\VS2022\FinalProject\ExporterOBJ.cpp(90,60):
  	“std::basic_ostream<char,std::char_traits<char>> &std::basic_ostream<char,std::char_traits<char>>::operator <<(std::basic_ostream<char,std::char_traits<char>> &(__cdecl *)(std::basic_ostream<char,std::char_traits<char>> &))”: 无法将参数 2 从“const std::vector<float,std::allocator<float>>”转换为“std::basic_ostream<char,std::char_traits<char>> &(__cdecl *)(std::basic_ostream<char,std::char_traits<char>> &)”
  		D:\Backup\Desktop\OOP\VS2022\FinalProject\ExporterOBJ.cpp(90,108):
  		没有可用于执行该转换的用户定义的转换运算符，或者无法调用该运算符
  C:\Program Files\Microsoft Visual Studio\2022\Community\VC\Tools\MSVC\14.39.33519\include\ostream(1080,32):
  或    “std::basic_ostream<_Elem,_Traits> &std::operator <<(std::basic_ostream<_Elem,_Traits> &,const std::error_code &)”
  	D:\Backup\Desktop\OOP\VS2022\FinalProject\ExporterOBJ.cpp(90,108):
  	“初始化”: 无法从“const std::vector<float,std::allocator<float>>”转换为“const std::error_code &”
  		D:\Backup\Desktop\OOP\VS2022\FinalProject\ExporterOBJ.cpp(90,108):
  		原因如下: 无法从“const std::vector<float,std::allocator<float>>”转换为“const std::error_code”
  		D:\Backup\Desktop\OOP\VS2022\FinalProject\ExporterOBJ.cpp(90,108):
  		没有可用于执行该转换的用户定义的转换运算符，或者无法调用该运算符
  C:\Program Files\Microsoft Visual Studio\2022\Community\VC\Tools\MSVC\14.39.33519\include\ostream(1003,9):
  或    “_Ostr &&std::operator <<(_Ostr &&,const _Ty &)”
  	D:\Backup\Desktop\OOP\VS2022\FinalProject\ExporterOBJ.cpp(90,60):
  	“_Ostr &&std::operator <<(_Ostr &&,const _Ty &)”: 无法推导“__formal”的 模板 参数
  		C:\Program Files\Microsoft Visual Studio\2022\Community\VC\Tools\MSVC\14.39.33519\include\ostream(1002,103):
  		“<template-parameter>”: 无法创建指向引用的指针
  C:\Program Files\Microsoft Visual Studio\2022\Community\VC\Tools\MSVC\14.39.33519\include\ostream(945,31):
  或    “std::basic_ostream<char,_Traits> &std::operator <<(std::basic_ostream<char,_Traits> &,unsigned char)”
  	D:\Backup\Desktop\OOP\VS2022\FinalProject\ExporterOBJ.cpp(90,108):
  	“初始化”: 无法从“const std::vector<float,std::allocator<float>>”转换为“unsigned char”
  		D:\Backup\Desktop\OOP\VS2022\FinalProject\ExporterOBJ.cpp(90,108):
  		没有可用于执行该转换的用户定义的转换运算符，或者无法调用该运算符
  C:\Program Files\Microsoft Visual Studio\2022\Community\VC\Tools\MSVC\14.39.33519\include\ostream(939,31):
  或    “std::basic_ostream<char,_Traits> &std::operator <<(std::basic_ostream<char,_Traits> &,const unsigned char *)”
  	D:\Backup\Desktop\OOP\VS2022\FinalProject\ExporterOBJ.cpp(90,108):
  	“初始化”: 无法从“const std::vector<float,std::allocator<float>>”转换为“const unsigned char *”
  		D:\Backup\Desktop\OOP\VS2022\FinalProject\ExporterOBJ.cpp(90,108):
  		没有可用于执行该转换的用户定义的转换运算符，或者无法调用该运算符
  C:\Program Files\Microsoft Visual Studio\2022\Community\VC\Tools\MSVC\14.39.33519\include\ostream(934,31):
  或    “std::basic_ostream<char,_Traits> &std::operator <<(std::basic_ostream<char,_Traits> &,signed char)”
  	D:\Backup\Desktop\OOP\VS2022\FinalProject\ExporterOBJ.cpp(90,108):
  	“初始化”: 无法从“const std::vector<float,std::allocator<float>>”转换为“signed char”
  		D:\Backup\Desktop\OOP\VS2022\FinalProject\ExporterOBJ.cpp(90,108):
  		没有可用于执行该转换的用户定义的转换运算符，或者无法调用该运算符
  C:\Program Files\Microsoft Visual Studio\2022\Community\VC\Tools\MSVC\14.39.33519\include\ostream(928,31):
  或    “std::basic_ostream<char,_Traits> &std::operator <<(std::basic_ostream<char,_Traits> &,const signed char *)”
  	D:\Backup\Desktop\OOP\VS2022\FinalProject\ExporterOBJ.cpp(90,108):
  	“初始化”: 无法从“const std::vector<float,std::allocator<float>>”转换为“const signed char *”
  		D:\Backup\Desktop\OOP\VS2022\FinalProject\ExporterOBJ.cpp(90,108):
  		没有可用于执行该转换的用户定义的转换运算符，或者无法调用该运算符
  C:\Program Files\Microsoft Visual Studio\2022\Community\VC\Tools\MSVC\14.39.33519\include\ostream(892,32):
  或    “std::basic_ostream<_Elem,_Traits> &std::operator <<(std::basic_ostream<_Elem,_Traits> &,_Elem)”
  	D:\Backup\Desktop\OOP\VS2022\FinalProject\ExporterOBJ.cpp(90,60):
  	“std::basic_ostream<_Elem,_Traits> &std::operator <<(std::basic_ostream<_Elem,_Traits> &,_Elem)”: 模板 参数“_Elem”不明确
  		D:\Backup\Desktop\OOP\VS2022\FinalProject\ExporterOBJ.cpp(90,60):
  		可能是“std::vector<float,std::allocator<float>>”
  		D:\Backup\Desktop\OOP\VS2022\FinalProject\ExporterOBJ.cpp(90,60):
  		或    “char”
  	D:\Backup\Desktop\OOP\VS2022\FinalProject\ExporterOBJ.cpp(90,60):
  	“std::basic_ostream<_Elem,_Traits> &std::operator <<(std::basic_ostream<_Elem,_Traits> &,_Elem)”: 无法从“const std::vector<float,std::allocator<float>>”推导出“_Elem”的 模板 参数
  C:\Program Files\Microsoft Visual Studio\2022\Community\VC\Tools\MSVC\14.39.33519\include\ostream(849,32):
  或    “std::basic_ostream<_Elem,_Traits> &std::operator <<(std::basic_ostream<_Elem,_Traits> &,const _Elem *)”
  	D:\Backup\Desktop\OOP\VS2022\FinalProject\ExporterOBJ.cpp(90,60):
  	“std::basic_ostream<_Elem,_Traits> &std::operator <<(std::basic_ostream<_Elem,_Traits> &,const _Elem *)”: 无法从“const std::vector<float,std::allocator<float>>”推导出“const _Elem *”的 模板 参数
  C:\Program Files\Microsoft Visual Studio\2022\Community\VC\Tools\MSVC\14.39.33519\include\ostream(811,31):
  或    “std::basic_ostream<char,_Traits> &std::operator <<(std::basic_ostream<char,_Traits> &,char)”
  	D:\Backup\Desktop\OOP\VS2022\FinalProject\ExporterOBJ.cpp(90,108):
  	“初始化”: 无法从“const std::vector<float,std::allocator<float>>”转换为“char”
  		D:\Backup\Desktop\OOP\VS2022\FinalProject\ExporterOBJ.cpp(90,108):
  		没有可用于执行该转换的用户定义的转换运算符，或者无法调用该运算符
  C:\Program Files\Microsoft Visual Studio\2022\Community\VC\Tools\MSVC\14.39.33519\include\ostream(766,31):
  或    “std::basic_ostream<char,_Traits> &std::operator <<(std::basic_ostream<char,_Traits> &,const char *)”
  	D:\Backup\Desktop\OOP\VS2022\FinalProject\ExporterOBJ.cpp(90,108):
  	“初始化”: 无法从“const std::vector<float,std::allocator<float>>”转换为“const char *”
  		D:\Backup\Desktop\OOP\VS2022\FinalProject\ExporterOBJ.cpp(90,108):
  		没有可用于执行该转换的用户定义的转换运算符，或者无法调用该运算符
  C:\Program Files\Microsoft Visual Studio\2022\Community\VC\Tools\MSVC\14.39.33519\include\ostream(730,32):
  或    “std::basic_ostream<_Elem,_Traits> &std::operator <<(std::basic_ostream<_Elem,_Traits> &,char)”
  	D:\Backup\Desktop\OOP\VS2022\FinalProject\ExporterOBJ.cpp(90,108):
  	“初始化”: 无法从“const std::vector<float,std::allocator<float>>”转换为“char”
  		D:\Backup\Desktop\OOP\VS2022\FinalProject\ExporterOBJ.cpp(90,108):
  		没有可用于执行该转换的用户定义的转换运算符，或者无法调用该运算符
  C:\Program Files\Microsoft Visual Studio\2022\Community\VC\Tools\MSVC\14.39.33519\include\ostream(686,32):
  或    “std::basic_ostream<_Elem,_Traits> &std::operator <<(std::basic_ostream<_Elem,_Traits> &,const char *)”
  	D:\Backup\Desktop\OOP\VS2022\FinalProject\ExporterOBJ.cpp(90,108):
  	“初始化”: 无法从“const std::vector<float,std::allocator<float>>”转换为“const char *”
  		D:\Backup\Desktop\OOP\VS2022\FinalProject\ExporterOBJ.cpp(90,108):
  		没有可用于执行该转换的用户定义的转换运算符，或者无法调用该运算符
  C:\Program Files\Microsoft Visual Studio\2022\Community\VC\Tools\MSVC\14.39.33519\include\memory(3598,32):
  或    “std::basic_ostream<_Elem,_Traits> &std::operator <<(std::basic_ostream<_Elem,_Traits> &,const std::unique_ptr<_Ty2,_Dx2> &)”
  	D:\Backup\Desktop\OOP\VS2022\FinalProject\ExporterOBJ.cpp(90,60):
  	“std::basic_ostream<_Elem,_Traits> &std::operator <<(std::basic_ostream<_Elem,_Traits> &,const std::unique_ptr<_Ty2,_Dx2> &)”: 无法从“const std::vector<float,std::allocator<float>>”推导出“const std::unique_ptr<_Ty2,_Dx2> &”的 模板 参数
  C:\Program Files\Microsoft Visual Studio\2022\Community\VC\Tools\MSVC\14.39.33519\include\memory(1946,32):
  或    “std::basic_ostream<_Elem,_Traits> &std::operator <<(std::basic_ostream<_Elem,_Traits> &,const std::shared_ptr<_Ty> &)”
  	D:\Backup\Desktop\OOP\VS2022\FinalProject\ExporterOBJ.cpp(90,60):
  	“std::basic_ostream<_Elem,_Traits> &std::operator <<(std::basic_ostream<_Elem,_Traits> &,const std::shared_ptr<_Ty> &)”: 无法从“const std::vector<float,std::allocator<float>>”推导出“const std::shared_ptr<_Ty> &”的 模板 参数
  C:\Program Files\Microsoft Visual Studio\2022\Community\VC\Tools\MSVC\14.39.33519\include\xstring(5228,32):
  或    “std::basic_ostream<_Elem,_Traits> &std::operator <<(std::basic_ostream<_Elem,_Traits> &,const std::basic_string<_Elem,_Traits,_Alloc> &)”
  	D:\Backup\Desktop\OOP\VS2022\FinalProject\ExporterOBJ.cpp(90,60):
  	“std::basic_ostream<_Elem,_Traits> &std::operator <<(std::basic_ostream<_Elem,_Traits> &,const std::basic_string<_Elem,_Traits,_Alloc> &)”: 无法从“const std::vector<float,std::allocator<float>>”推导出“const std::basic_string<_Elem,_Traits,_Alloc> &”的 模板 参数
  D:\Backup\Desktop\OOP\VS2022\FinalProject\ExporterOBJ.cpp(90,60):
  尝试匹配参数列表“(std::basic_ostream<char,std::char_traits<char>>, const std::vector<float,std::allocator<float>>)”时
  
D:\Backup\Desktop\OOP\VS2022\FinalProject\ExporterOBJ.cpp(100,62): error C2679: 二元“<<”: 没有找到接受“const std::vector<float,std::allocator<float>>”类型的右操作数的运算符(或没有可接受的转换)
  (编译源文件“FinalProject.cpp”)
  C:\Program Files\Microsoft Visual Studio\2022\Community\VC\Tools\MSVC\14.39.33519\include\ostream(480,39):
  可能是“std::basic_ostream<char,std::char_traits<char>> &std::basic_ostream<char,std::char_traits<char>>::operator <<(std::basic_streambuf<char,std::char_traits<char>> *)”
  	D:\Backup\Desktop\OOP\VS2022\FinalProject\ExporterOBJ.cpp(100,62):
  	“std::basic_ostream<char,std::char_traits<char>> &std::basic_ostream<char,std::char_traits<char>>::operator <<(std::basic_streambuf<char,std::char_traits<char>> *)”: 无法将参数 2 从“const std::vector<float,std::allocator<float>>”转换为“std::basic_streambuf<char,std::char_traits<char>> *”
  		D:\Backup\Desktop\OOP\VS2022\FinalProject\ExporterOBJ.cpp(100,112):
  		没有可用于执行该转换的用户定义的转换运算符，或者无法调用该运算符
  C:\Program Files\Microsoft Visual Studio\2022\Community\VC\Tools\MSVC\14.39.33519\include\ostream(448,39):
  或    “std::basic_ostream<char,std::char_traits<char>> &std::basic_ostream<char,std::char_traits<char>>::operator <<(const void *)”
  	D:\Backup\Desktop\OOP\VS2022\FinalProject\ExporterOBJ.cpp(100,62):
  	“std::basic_ostream<char,std::char_traits<char>> &std::basic_ostream<char,std::char_traits<char>>::operator <<(const void *)”: 无法将参数 2 从“const std::vector<float,std::allocator<float>>”转换为“const void *”
  		D:\Backup\Desktop\OOP\VS2022\FinalProject\ExporterOBJ.cpp(100,112):
  		没有可用于执行该转换的用户定义的转换运算符，或者无法调用该运算符
  C:\Program Files\Microsoft Visual Studio\2022\Community\VC\Tools\MSVC\14.39.33519\include\ostream(430,39):
  或    “std::basic_ostream<char,std::char_traits<char>> &std::basic_ostream<char,std::char_traits<char>>::operator <<(long double)”
  	D:\Backup\Desktop\OOP\VS2022\FinalProject\ExporterOBJ.cpp(100,62):
  	“std::basic_ostream<char,std::char_traits<char>> &std::basic_ostream<char,std::char_traits<char>>::operator <<(long double)”: 无法将参数 2 从“const std::vector<float,std::allocator<float>>”转换为“long double”
  		D:\Backup\Desktop\OOP\VS2022\FinalProject\ExporterOBJ.cpp(100,112):
  		没有可用于执行该转换的用户定义的转换运算符，或者无法调用该运算符
  C:\Program Files\Microsoft Visual Studio\2022\Community\VC\Tools\MSVC\14.39.33519\include\ostream(412,39):
  或    “std::basic_ostream<char,std::char_traits<char>> &std::basic_ostream<char,std::char_traits<char>>::operator <<(double)”
  	D:\Backup\Desktop\OOP\VS2022\FinalProject\ExporterOBJ.cpp(100,62):
  	“std::basic_ostream<char,std::char_traits<char>> &std::basic_ostream<char,std::char_traits<char>>::operator <<(double)”: 无法将参数 2 从“const std::vector<float,std::allocator<float>>”转换为“double”
  		D:\Backup\Desktop\OOP\VS2022\FinalProject\ExporterOBJ.cpp(100,112):
  		没有可用于执行该转换的用户定义的转换运算符，或者无法调用该运算符
  C:\Program Files\Microsoft Visual Studio\2022\Community\VC\Tools\MSVC\14.39.33519\include\ostream(394,39):
  或    “std::basic_ostream<char,std::char_traits<char>> &std::basic_ostream<char,std::char_traits<char>>::operator <<(float)”
  	D:\Backup\Desktop\OOP\VS2022\FinalProject\ExporterOBJ.cpp(100,62):
  	“std::basic_ostream<char,std::char_traits<char>> &std::basic_ostream<char,std::char_traits<char>>::operator <<(float)”: 无法将参数 2 从“const std::vector<float,std::allocator<float>>”转换为“float”
  		D:\Backup\Desktop\OOP\VS2022\FinalProject\ExporterOBJ.cpp(100,112):
  		没有可用于执行该转换的用户定义的转换运算符，或者无法调用该运算符
  C:\Program Files\Microsoft Visual Studio\2022\Community\VC\Tools\MSVC\14.39.33519\include\ostream(376,39):
  或    “std::basic_ostream<char,std::char_traits<char>> &std::basic_ostream<char,std::char_traits<char>>::operator <<(unsigned __int64)”
  	D:\Backup\Desktop\OOP\VS2022\FinalProject\ExporterOBJ.cpp(100,62):
  	“std::basic_ostream<char,std::char_traits<char>> &std::basic_ostream<char,std::char_traits<char>>::operator <<(unsigned __int64)”: 无法将参数 2 从“const std::vector<float,std::allocator<float>>”转换为“unsigned __int64”
  		D:\Backup\Desktop\OOP\VS2022\FinalProject\ExporterOBJ.cpp(100,112):
  		没有可用于执行该转换的用户定义的转换运算符，或者无法调用该运算符
  C:\Program Files\Microsoft Visual Studio\2022\Community\VC\Tools\MSVC\14.39.33519\include\ostream(358,39):
  或    “std::basic_ostream<char,std::char_traits<char>> &std::basic_ostream<char,std::char_traits<char>>::operator <<(__int64)”
  	D:\Backup\Desktop\OOP\VS2022\FinalProject\ExporterOBJ.cpp(100,62):
  	“std::basic_ostream<char,std::char_traits<char>> &std::basic_ostream<char,std::char_traits<char>>::operator <<(__int64)”: 无法将参数 2 从“const std::vector<float,std::allocator<float>>”转换为“__int64”
  		D:\Backup\Desktop\OOP\VS2022\FinalProject\ExporterOBJ.cpp(100,112):
  		没有可用于执行该转换的用户定义的转换运算符，或者无法调用该运算符
  C:\Program Files\Microsoft Visual Studio\2022\Community\VC\Tools\MSVC\14.39.33519\include\ostream(340,39):
  或    “std::basic_ostream<char,std::char_traits<char>> &std::basic_ostream<char,std::char_traits<char>>::operator <<(unsigned long)”
  	D:\Backup\Desktop\OOP\VS2022\FinalProject\ExporterOBJ.cpp(100,62):
  	“std::basic_ostream<char,std::char_traits<char>> &std::basic_ostream<char,std::char_traits<char>>::operator <<(unsigned long)”: 无法将参数 2 从“const std::vector<float,std::allocator<float>>”转换为“unsigned long”
  		D:\Backup\Desktop\OOP\VS2022\FinalProject\ExporterOBJ.cpp(100,112):
  		没有可用于执行该转换的用户定义的转换运算符，或者无法调用该运算符
  C:\Program Files\Microsoft Visual Studio\2022\Community\VC\Tools\MSVC\14.39.33519\include\ostream(322,39):
  或    “std::basic_ostream<char,std::char_traits<char>> &std::basic_ostream<char,std::char_traits<char>>::operator <<(long)”
  	D:\Backup\Desktop\OOP\VS2022\FinalProject\ExporterOBJ.cpp(100,62):
  	“std::basic_ostream<char,std::char_traits<char>> &std::basic_ostream<char,std::char_traits<char>>::operator <<(long)”: 无法将参数 2 从“const std::vector<float,std::allocator<float>>”转换为“long”
  		D:\Backup\Desktop\OOP\VS2022\FinalProject\ExporterOBJ.cpp(100,112):
  		没有可用于执行该转换的用户定义的转换运算符，或者无法调用该运算符
  C:\Program Files\Microsoft Visual Studio\2022\Community\VC\Tools\MSVC\14.39.33519\include\ostream(303,39):
  或    “std::basic_ostream<char,std::char_traits<char>> &std::basic_ostream<char,std::char_traits<char>>::operator <<(unsigned int)”
  	D:\Backup\Desktop\OOP\VS2022\FinalProject\ExporterOBJ.cpp(100,62):
  	“std::basic_ostream<char,std::char_traits<char>> &std::basic_ostream<char,std::char_traits<char>>::operator <<(unsigned int)”: 无法将参数 2 从“const std::vector<float,std::allocator<float>>”转换为“unsigned int”
  		D:\Backup\Desktop\OOP\VS2022\FinalProject\ExporterOBJ.cpp(100,112):
  		没有可用于执行该转换的用户定义的转换运算符，或者无法调用该运算符
  C:\Program Files\Microsoft Visual Studio\2022\Community\VC\Tools\MSVC\14.39.33519\include\ostream(277,39):
  或    “std::basic_ostream<char,std::char_traits<char>> &std::basic_ostream<char,std::char_traits<char>>::operator <<(int)”
  	D:\Backup\Desktop\OOP\VS2022\FinalProject\ExporterOBJ.cpp(100,62):
  	“std::basic_ostream<char,std::char_traits<char>> &std::basic_ostream<char,std::char_traits<char>>::operator <<(int)”: 无法将参数 2 从“const std::vector<float,std::allocator<float>>”转换为“int”
  		D:\Backup\Desktop\OOP\VS2022\FinalProject\ExporterOBJ.cpp(100,112):
  		没有可用于执行该转换的用户定义的转换运算符，或者无法调用该运算符
  C:\Program Files\Microsoft Visual Studio\2022\Community\VC\Tools\MSVC\14.39.33519\include\ostream(258,39):
  或    “std::basic_ostream<char,std::char_traits<char>> &std::basic_ostream<char,std::char_traits<char>>::operator <<(unsigned short)”
  	D:\Backup\Desktop\OOP\VS2022\FinalProject\ExporterOBJ.cpp(100,62):
  	“std::basic_ostream<char,std::char_traits<char>> &std::basic_ostream<char,std::char_traits<char>>::operator <<(unsigned short)”: 无法将参数 2 从“const std::vector<float,std::allocator<float>>”转换为“unsigned short”
  		D:\Backup\Desktop\OOP\VS2022\FinalProject\ExporterOBJ.cpp(100,112):
  		没有可用于执行该转换的用户定义的转换运算符，或者无法调用该运算符
  C:\Program Files\Microsoft Visual Studio\2022\Community\VC\Tools\MSVC\14.39.33519\include\ostream(224,39):
  或    “std::basic_ostream<char,std::char_traits<char>> &std::basic_ostream<char,std::char_traits<char>>::operator <<(short)”
  	D:\Backup\Desktop\OOP\VS2022\FinalProject\ExporterOBJ.cpp(100,62):
  	“std::basic_ostream<char,std::char_traits<char>> &std::basic_ostream<char,std::char_traits<char>>::operator <<(short)”: 无法将参数 2 从“const std::vector<float,std::allocator<float>>”转换为“short”
  		D:\Backup\Desktop\OOP\VS2022\FinalProject\ExporterOBJ.cpp(100,112):
  		没有可用于执行该转换的用户定义的转换运算符，或者无法调用该运算符
  C:\Program Files\Microsoft Visual Studio\2022\Community\VC\Tools\MSVC\14.39.33519\include\ostream(206,39):
  或    “std::basic_ostream<char,std::char_traits<char>> &std::basic_ostream<char,std::char_traits<char>>::operator <<(bool)”
  	D:\Backup\Desktop\OOP\VS2022\FinalProject\ExporterOBJ.cpp(100,62):
  	“std::basic_ostream<char,std::char_traits<char>> &std::basic_ostream<char,std::char_traits<char>>::operator <<(bool)”: 无法将参数 2 从“const std::vector<float,std::allocator<float>>”转换为“bool”
  		D:\Backup\Desktop\OOP\VS2022\FinalProject\ExporterOBJ.cpp(100,112):
  		没有可用于执行该转换的用户定义的转换运算符，或者无法调用该运算符
  C:\Program Files\Microsoft Visual Studio\2022\Community\VC\Tools\MSVC\14.39.33519\include\ostream(200,39):
  或    “std::basic_ostream<char,std::char_traits<char>> &std::basic_ostream<char,std::char_traits<char>>::operator <<(std::ios_base &(__cdecl *)(std::ios_base &))”
  	D:\Backup\Desktop\OOP\VS2022\FinalProject\ExporterOBJ.cpp(100,62):
  	“std::basic_ostream<char,std::char_traits<char>> &std::basic_ostream<char,std::char_traits<char>>::operator <<(std::ios_base &(__cdecl *)(std::ios_base &))”: 无法将参数 2 从“const std::vector<float,std::allocator<float>>”转换为“std::ios_base &(__cdecl *)(std::ios_base &)”
  		D:\Backup\Desktop\OOP\VS2022\FinalProject\ExporterOBJ.cpp(100,112):
  		没有可用于执行该转换的用户定义的转换运算符，或者无法调用该运算符
  C:\Program Files\Microsoft Visual Studio\2022\Community\VC\Tools\MSVC\14.39.33519\include\ostream(194,39):
  或    “std::basic_ostream<char,std::char_traits<char>> &std::basic_ostream<char,std::char_traits<char>>::operator <<(std::basic_ios<char,std::char_traits<char>> &(__cdecl *)(std::basic_ios<char,std::char_traits<char>> &))”
  	D:\Backup\Desktop\OOP\VS2022\FinalProject\ExporterOBJ.cpp(100,62):
  	“std::basic_ostream<char,std::char_traits<char>> &std::basic_ostream<char,std::char_traits<char>>::operator <<(std::basic_ios<char,std::char_traits<char>> &(__cdecl *)(std::basic_ios<char,std::char_traits<char>> &))”: 无法将参数 2 从“const std::vector<float,std::allocator<float>>”转换为“std::basic_ios<char,std::char_traits<char>> &(__cdecl *)(std::basic_ios<char,std::char_traits<char>> &)”
  		D:\Backup\Desktop\OOP\VS2022\FinalProject\ExporterOBJ.cpp(100,112):
  		没有可用于执行该转换的用户定义的转换运算符，或者无法调用该运算符
  C:\Program Files\Microsoft Visual Studio\2022\Community\VC\Tools\MSVC\14.39.33519\include\ostream(189,39):
  或    “std::basic_ostream<char,std::char_traits<char>> &std::basic_ostream<char,std::char_traits<char>>::operator <<(std::basic_ostream<char,std::char_traits<char>> &(__cdecl *)(std::basic_ostream<char,std::char_traits<char>> &))”
  	D:\Backup\Desktop\OOP\VS2022\FinalProject\ExporterOBJ.cpp(100,62):
  	“std::basic_ostream<char,std::char_traits<char>> &std::basic_ostream<char,std::char_traits<char>>::operator <<(std::basic_ostream<char,std::char_traits<char>> &(__cdecl *)(std::basic_ostream<char,std::char_traits<char>> &))”: 无法将参数 2 从“const std::vector<float,std::allocator<float>>”转换为“std::basic_ostream<char,std::char_traits<char>> &(__cdecl *)(std::basic_ostream<char,std::char_traits<char>> &)”
  		D:\Backup\Desktop\OOP\VS2022\FinalProject\ExporterOBJ.cpp(100,112):
  		没有可用于执行该转换的用户定义的转换运算符，或者无法调用该运算符
  C:\Program Files\Microsoft Visual Studio\2022\Community\VC\Tools\MSVC\14.39.33519\include\ostream(1080,32):
  或    “std::basic_ostream<_Elem,_Traits> &std::operator <<(std::basic_ostream<_Elem,_Traits> &,const std::error_code &)”
  	D:\Backup\Desktop\OOP\VS2022\FinalProject\ExporterOBJ.cpp(100,112):
  	“初始化”: 无法从“const std::vector<float,std::allocator<float>>”转换为“const std::error_code &”
  		D:\Backup\Desktop\OOP\VS2022\FinalProject\ExporterOBJ.cpp(100,112):
  		原因如下: 无法从“const std::vector<float,std::allocator<float>>”转换为“const std::error_code”
  		D:\Backup\Desktop\OOP\VS2022\FinalProject\ExporterOBJ.cpp(100,112):
  		没有可用于执行该转换的用户定义的转换运算符，或者无法调用该运算符
  C:\Program Files\Microsoft Visual Studio\2022\Community\VC\Tools\MSVC\14.39.33519\include\ostream(1003,9):
  或    “_Ostr &&std::operator <<(_Ostr &&,const _Ty &)”
  	D:\Backup\Desktop\OOP\VS2022\FinalProject\ExporterOBJ.cpp(100,62):
  	“_Ostr &&std::operator <<(_Ostr &&,const _Ty &)”: 无法推导“__formal”的 模板 参数
  		C:\Program Files\Microsoft Visual Studio\2022\Community\VC\Tools\MSVC\14.39.33519\include\ostream(1002,103):
  		“<template-parameter>”: 无法创建指向引用的指针
  C:\Program Files\Microsoft Visual Studio\2022\Community\VC\Tools\MSVC\14.39.33519\include\ostream(945,31):
  或    “std::basic_ostream<char,_Traits> &std::operator <<(std::basic_ostream<char,_Traits> &,unsigned char)”
  	D:\Backup\Desktop\OOP\VS2022\FinalProject\ExporterOBJ.cpp(100,112):
  	“初始化”: 无法从“const std::vector<float,std::allocator<float>>”转换为“unsigned char”
  		D:\Backup\Desktop\OOP\VS2022\FinalProject\ExporterOBJ.cpp(100,112):
  		没有可用于执行该转换的用户定义的转换运算符，或者无法调用该运算符
  C:\Program Files\Microsoft Visual Studio\2022\Community\VC\Tools\MSVC\14.39.33519\include\ostream(939,31):
  或    “std::basic_ostream<char,_Traits> &std::operator <<(std::basic_ostream<char,_Traits> &,const unsigned char *)”
  	D:\Backup\Desktop\OOP\VS2022\FinalProject\ExporterOBJ.cpp(100,112):
  	“初始化”: 无法从“const std::vector<float,std::allocator<float>>”转换为“const unsigned char *”
  		D:\Backup\Desktop\OOP\VS2022\FinalProject\ExporterOBJ.cpp(100,112):
  		没有可用于执行该转换的用户定义的转换运算符，或者无法调用该运算符
  C:\Program Files\Microsoft Visual Studio\2022\Community\VC\Tools\MSVC\14.39.33519\include\ostream(934,31):
  或    “std::basic_ostream<char,_Traits> &std::operator <<(std::basic_ostream<char,_Traits> &,signed char)”
  	D:\Backup\Desktop\OOP\VS2022\FinalProject\ExporterOBJ.cpp(100,112):
  	“初始化”: 无法从“const std::vector<float,std::allocator<float>>”转换为“signed char”
  		D:\Backup\Desktop\OOP\VS2022\FinalProject\ExporterOBJ.cpp(100,112):
  		没有可用于执行该转换的用户定义的转换运算符，或者无法调用该运算符
  C:\Program Files\Microsoft Visual Studio\2022\Community\VC\Tools\MSVC\14.39.33519\include\ostream(928,31):
  或    “std::basic_ostream<char,_Traits> &std::operator <<(std::basic_ostream<char,_Traits> &,const signed char *)”
  	D:\Backup\Desktop\OOP\VS2022\FinalProject\ExporterOBJ.cpp(100,112):
  	“初始化”: 无法从“const std::vector<float,std::allocator<float>>”转换为“const signed char *”
  		D:\Backup\Desktop\OOP\VS2022\FinalProject\ExporterOBJ.cpp(100,112):
  		没有可用于执行该转换的用户定义的转换运算符，或者无法调用该运算符
  C:\Program Files\Microsoft Visual Studio\2022\Community\VC\Tools\MSVC\14.39.33519\include\ostream(892,32):
  或    “std::basic_ostream<_Elem,_Traits> &std::operator <<(std::basic_ostream<_Elem,_Traits> &,_Elem)”
  	D:\Backup\Desktop\OOP\VS2022\FinalProject\ExporterOBJ.cpp(100,62):
  	“std::basic_ostream<_Elem,_Traits> &std::operator <<(std::basic_ostream<_Elem,_Traits> &,_Elem)”: 模板 参数“_Elem”不明确
  		D:\Backup\Desktop\OOP\VS2022\FinalProject\ExporterOBJ.cpp(100,62):
  		可能是“std::vector<float,std::allocator<float>>”
  		D:\Backup\Desktop\OOP\VS2022\FinalProject\ExporterOBJ.cpp(100,62):
  		或    “char”
  	D:\Backup\Desktop\OOP\VS2022\FinalProject\ExporterOBJ.cpp(100,62):
  	“std::basic_ostream<_Elem,_Traits> &std::operator <<(std::basic_ostream<_Elem,_Traits> &,_Elem)”: 无法从“const std::vector<float,std::allocator<float>>”推导出“_Elem”的 模板 参数
  C:\Program Files\Microsoft Visual Studio\2022\Community\VC\Tools\MSVC\14.39.33519\include\ostream(849,32):
  或    “std::basic_ostream<_Elem,_Traits> &std::operator <<(std::basic_ostream<_Elem,_Traits> &,const _Elem *)”
  	D:\Backup\Desktop\OOP\VS2022\FinalProject\ExporterOBJ.cpp(100,62):
  	“std::basic_ostream<_Elem,_Traits> &std::operator <<(std::basic_ostream<_Elem,_Traits> &,const _Elem *)”: 无法从“const std::vector<float,std::allocator<float>>”推导出“const _Elem *”的 模板 参数
  C:\Program Files\Microsoft Visual Studio\2022\Community\VC\Tools\MSVC\14.39.33519\include\ostream(811,31):
  或    “std::basic_ostream<char,_Traits> &std::operator <<(std::basic_ostream<char,_Traits> &,char)”
  	D:\Backup\Desktop\OOP\VS2022\FinalProject\ExporterOBJ.cpp(100,112):
  	“初始化”: 无法从“const std::vector<float,std::allocator<float>>”转换为“char”
  		D:\Backup\Desktop\OOP\VS2022\FinalProject\ExporterOBJ.cpp(100,112):
  		没有可用于执行该转换的用户定义的转换运算符，或者无法调用该运算符
  C:\Program Files\Microsoft Visual Studio\2022\Community\VC\Tools\MSVC\14.39.33519\include\ostream(766,31):
  或    “std::basic_ostream<char,_Traits> &std::operator <<(std::basic_ostream<char,_Traits> &,const char *)”
  	D:\Backup\Desktop\OOP\VS2022\FinalProject\ExporterOBJ.cpp(100,112):
  	“初始化”: 无法从“const std::vector<float,std::allocator<float>>”转换为“const char *”
  		D:\Backup\Desktop\OOP\VS2022\FinalProject\ExporterOBJ.cpp(100,112):
  		没有可用于执行该转换的用户定义的转换运算符，或者无法调用该运算符
  C:\Program Files\Microsoft Visual Studio\2022\Community\VC\Tools\MSVC\14.39.33519\include\ostream(730,32):
  或    “std::basic_ostream<_Elem,_Traits> &std::operator <<(std::basic_ostream<_Elem,_Traits> &,char)”
  	D:\Backup\Desktop\OOP\VS2022\FinalProject\ExporterOBJ.cpp(100,112):
  	“初始化”: 无法从“const std::vector<float,std::allocator<float>>”转换为“char”
  		D:\Backup\Desktop\OOP\VS2022\FinalProject\ExporterOBJ.cpp(100,112):
  		没有可用于执行该转换的用户定义的转换运算符，或者无法调用该运算符
  C:\Program Files\Microsoft Visual Studio\2022\Community\VC\Tools\MSVC\14.39.33519\include\ostream(686,32):
  或    “std::basic_ostream<_Elem,_Traits> &std::operator <<(std::basic_ostream<_Elem,_Traits> &,const char *)”
  	D:\Backup\Desktop\OOP\VS2022\FinalProject\ExporterOBJ.cpp(100,112):
  	“初始化”: 无法从“const std::vector<float,std::allocator<float>>”转换为“const char *”
  		D:\Backup\Desktop\OOP\VS2022\FinalProject\ExporterOBJ.cpp(100,112):
  		没有可用于执行该转换的用户定义的转换运算符，或者无法调用该运算符
  C:\Program Files\Microsoft Visual Studio\2022\Community\VC\Tools\MSVC\14.39.33519\include\memory(3598,32):
  或    “std::basic_ostream<_Elem,_Traits> &std::operator <<(std::basic_ostream<_Elem,_Traits> &,const std::unique_ptr<_Ty2,_Dx2> &)”
  	D:\Backup\Desktop\OOP\VS2022\FinalProject\ExporterOBJ.cpp(100,62):
  	“std::basic_ostream<_Elem,_Traits> &std::operator <<(std::basic_ostream<_Elem,_Traits> &,const std::unique_ptr<_Ty2,_Dx2> &)”: 无法从“const std::vector<float,std::allocator<float>>”推导出“const std::unique_ptr<_Ty2,_Dx2> &”的 模板 参数
  C:\Program Files\Microsoft Visual Studio\2022\Community\VC\Tools\MSVC\14.39.33519\include\memory(1946,32):
  或    “std::basic_ostream<_Elem,_Traits> &std::operator <<(std::basic_ostream<_Elem,_Traits> &,const std::shared_ptr<_Ty> &)”
  	D:\Backup\Desktop\OOP\VS2022\FinalProject\ExporterOBJ.cpp(100,62):
  	“std::basic_ostream<_Elem,_Traits> &std::operator <<(std::basic_ostream<_Elem,_Traits> &,const std::shared_ptr<_Ty> &)”: 无法从“const std::vector<float,std::allocator<float>>”推导出“const std::shared_ptr<_Ty> &”的 模板 参数
  C:\Program Files\Microsoft Visual Studio\2022\Community\VC\Tools\MSVC\14.39.33519\include\xstring(5228,32):
  或    “std::basic_ostream<_Elem,_Traits> &std::operator <<(std::basic_ostream<_Elem,_Traits> &,const std::basic_string<_Elem,_Traits,_Alloc> &)”
  	D:\Backup\Desktop\OOP\VS2022\FinalProject\ExporterOBJ.cpp(100,62):
  	“std::basic_ostream<_Elem,_Traits> &std::operator <<(std::basic_ostream<_Elem,_Traits> &,const std::basic_string<_Elem,_Traits,_Alloc> &)”: 无法从“const std::vector<float,std::allocator<float>>”推导出“const std::basic_string<_Elem,_Traits,_Alloc> &”的 模板 参数
  D:\Backup\Desktop\OOP\VS2022\FinalProject\ExporterOBJ.cpp(100,62):
  尝试匹配参数列表“(std::basic_ostream<char,std::char_traits<char>>, const std::vector<float,std::allocator<float>>)”时
  
D:\Backup\Desktop\OOP\VS2022\FinalProject\ExporterOBJ.cpp(109,7): error C2679: 二元“<<”: 没有找到接受“const std::vector<float,std::allocator<float>>”类型的右操作数的运算符(或没有可接受的转换)
  (编译源文件“FinalProject.cpp”)
  C:\Program Files\Microsoft Visual Studio\2022\Community\VC\Tools\MSVC\14.39.33519\include\ostream(480,39):
  可能是“std::basic_ostream<char,std::char_traits<char>> &std::basic_ostream<char,std::char_traits<char>>::operator <<(std::basic_streambuf<char,std::char_traits<char>> *)”
  	D:\Backup\Desktop\OOP\VS2022\FinalProject\ExporterOBJ.cpp(109,7):
  	“std::basic_ostream<char,std::char_traits<char>> &std::basic_ostream<char,std::char_traits<char>>::operator <<(std::basic_streambuf<char,std::char_traits<char>> *)”: 无法将参数 2 从“const std::vector<float,std::allocator<float>>”转换为“std::basic_streambuf<char,std::char_traits<char>> *”
  		D:\Backup\Desktop\OOP\VS2022\FinalProject\ExporterOBJ.cpp(109,47):
  		没有可用于执行该转换的用户定义的转换运算符，或者无法调用该运算符
  C:\Program Files\Microsoft Visual Studio\2022\Community\VC\Tools\MSVC\14.39.33519\include\ostream(448,39):
  或    “std::basic_ostream<char,std::char_traits<char>> &std::basic_ostream<char,std::char_traits<char>>::operator <<(const void *)”
  	D:\Backup\Desktop\OOP\VS2022\FinalProject\ExporterOBJ.cpp(109,7):
  	“std::basic_ostream<char,std::char_traits<char>> &std::basic_ostream<char,std::char_traits<char>>::operator <<(const void *)”: 无法将参数 2 从“const std::vector<float,std::allocator<float>>”转换为“const void *”
  		D:\Backup\Desktop\OOP\VS2022\FinalProject\ExporterOBJ.cpp(109,47):
  		没有可用于执行该转换的用户定义的转换运算符，或者无法调用该运算符
  C:\Program Files\Microsoft Visual Studio\2022\Community\VC\Tools\MSVC\14.39.33519\include\ostream(430,39):
  或    “std::basic_ostream<char,std::char_traits<char>> &std::basic_ostream<char,std::char_traits<char>>::operator <<(long double)”
  	D:\Backup\Desktop\OOP\VS2022\FinalProject\ExporterOBJ.cpp(109,7):
  	“std::basic_ostream<char,std::char_traits<char>> &std::basic_ostream<char,std::char_traits<char>>::operator <<(long double)”: 无法将参数 2 从“const std::vector<float,std::allocator<float>>”转换为“long double”
  		D:\Backup\Desktop\OOP\VS2022\FinalProject\ExporterOBJ.cpp(109,47):
  		没有可用于执行该转换的用户定义的转换运算符，或者无法调用该运算符
  C:\Program Files\Microsoft Visual Studio\2022\Community\VC\Tools\MSVC\14.39.33519\include\ostream(412,39):
  或    “std::basic_ostream<char,std::char_traits<char>> &std::basic_ostream<char,std::char_traits<char>>::operator <<(double)”
  	D:\Backup\Desktop\OOP\VS2022\FinalProject\ExporterOBJ.cpp(109,7):
  	“std::basic_ostream<char,std::char_traits<char>> &std::basic_ostream<char,std::char_traits<char>>::operator <<(double)”: 无法将参数 2 从“const std::vector<float,std::allocator<float>>”转换为“double”
  		D:\Backup\Desktop\OOP\VS2022\FinalProject\ExporterOBJ.cpp(109,47):
  		没有可用于执行该转换的用户定义的转换运算符，或者无法调用该运算符
  C:\Program Files\Microsoft Visual Studio\2022\Community\VC\Tools\MSVC\14.39.33519\include\ostream(394,39):
  或    “std::basic_ostream<char,std::char_traits<char>> &std::basic_ostream<char,std::char_traits<char>>::operator <<(float)”
  	D:\Backup\Desktop\OOP\VS2022\FinalProject\ExporterOBJ.cpp(109,7):
  	“std::basic_ostream<char,std::char_traits<char>> &std::basic_ostream<char,std::char_traits<char>>::operator <<(float)”: 无法将参数 2 从“const std::vector<float,std::allocator<float>>”转换为“float”
  		D:\Backup\Desktop\OOP\VS2022\FinalProject\ExporterOBJ.cpp(109,47):
  		没有可用于执行该转换的用户定义的转换运算符，或者无法调用该运算符
  C:\Program Files\Microsoft Visual Studio\2022\Community\VC\Tools\MSVC\14.39.33519\include\ostream(376,39):
  或    “std::basic_ostream<char,std::char_traits<char>> &std::basic_ostream<char,std::char_traits<char>>::operator <<(unsigned __int64)”
  	D:\Backup\Desktop\OOP\VS2022\FinalProject\ExporterOBJ.cpp(109,7):
  	“std::basic_ostream<char,std::char_traits<char>> &std::basic_ostream<char,std::char_traits<char>>::operator <<(unsigned __int64)”: 无法将参数 2 从“const std::vector<float,std::allocator<float>>”转换为“unsigned __int64”
  		D:\Backup\Desktop\OOP\VS2022\FinalProject\ExporterOBJ.cpp(109,47):
  		没有可用于执行该转换的用户定义的转换运算符，或者无法调用该运算符
  C:\Program Files\Microsoft Visual Studio\2022\Community\VC\Tools\MSVC\14.39.33519\include\ostream(358,39):
  或    “std::basic_ostream<char,std::char_traits<char>> &std::basic_ostream<char,std::char_traits<char>>::operator <<(__int64)”
  	D:\Backup\Desktop\OOP\VS2022\FinalProject\ExporterOBJ.cpp(109,7):
  	“std::basic_ostream<char,std::char_traits<char>> &std::basic_ostream<char,std::char_traits<char>>::operator <<(__int64)”: 无法将参数 2 从“const std::vector<float,std::allocator<float>>”转换为“__int64”
  		D:\Backup\Desktop\OOP\VS2022\FinalProject\ExporterOBJ.cpp(109,47):
  		没有可用于执行该转换的用户定义的转换运算符，或者无法调用该运算符
  C:\Program Files\Microsoft Visual Studio\2022\Community\VC\Tools\MSVC\14.39.33519\include\ostream(340,39):
  或    “std::basic_ostream<char,std::char_traits<char>> &std::basic_ostream<char,std::char_traits<char>>::operator <<(unsigned long)”
  	D:\Backup\Desktop\OOP\VS2022\FinalProject\ExporterOBJ.cpp(109,7):
  	“std::basic_ostream<char,std::char_traits<char>> &std::basic_ostream<char,std::char_traits<char>>::operator <<(unsigned long)”: 无法将参数 2 从“const std::vector<float,std::allocator<float>>”转换为“unsigned long”
  		D:\Backup\Desktop\OOP\VS2022\FinalProject\ExporterOBJ.cpp(109,47):
  		没有可用于执行该转换的用户定义的转换运算符，或者无法调用该运算符
  C:\Program Files\Microsoft Visual Studio\2022\Community\VC\Tools\MSVC\14.39.33519\include\ostream(322,39):
  或    “std::basic_ostream<char,std::char_traits<char>> &std::basic_ostream<char,std::char_traits<char>>::operator <<(long)”
  	D:\Backup\Desktop\OOP\VS2022\FinalProject\ExporterOBJ.cpp(109,7):
  	“std::basic_ostream<char,std::char_traits<char>> &std::basic_ostream<char,std::char_traits<char>>::operator <<(long)”: 无法将参数 2 从“const std::vector<float,std::allocator<float>>”转换为“long”
  		D:\Backup\Desktop\OOP\VS2022\FinalProject\ExporterOBJ.cpp(109,47):
  		没有可用于执行该转换的用户定义的转换运算符，或者无法调用该运算符
  C:\Program Files\Microsoft Visual Studio\2022\Community\VC\Tools\MSVC\14.39.33519\include\ostream(303,39):
  或    “std::basic_ostream<char,std::char_traits<char>> &std::basic_ostream<char,std::char_traits<char>>::operator <<(unsigned int)”
  	D:\Backup\Desktop\OOP\VS2022\FinalProject\ExporterOBJ.cpp(109,7):
  	“std::basic_ostream<char,std::char_traits<char>> &std::basic_ostream<char,std::char_traits<char>>::operator <<(unsigned int)”: 无法将参数 2 从“const std::vector<float,std::allocator<float>>”转换为“unsigned int”
  		D:\Backup\Desktop\OOP\VS2022\FinalProject\ExporterOBJ.cpp(109,47):
  		没有可用于执行该转换的用户定义的转换运算符，或者无法调用该运算符
  C:\Program Files\Microsoft Visual Studio\2022\Community\VC\Tools\MSVC\14.39.33519\include\ostream(277,39):
  或    “std::basic_ostream<char,std::char_traits<char>> &std::basic_ostream<char,std::char_traits<char>>::operator <<(int)”
  	D:\Backup\Desktop\OOP\VS2022\FinalProject\ExporterOBJ.cpp(109,7):
  	“std::basic_ostream<char,std::char_traits<char>> &std::basic_ostream<char,std::char_traits<char>>::operator <<(int)”: 无法将参数 2 从“const std::vector<float,std::allocator<float>>”转换为“int”
  		D:\Backup\Desktop\OOP\VS2022\FinalProject\ExporterOBJ.cpp(109,47):
  		没有可用于执行该转换的用户定义的转换运算符，或者无法调用该运算符
  C:\Program Files\Microsoft Visual Studio\2022\Community\VC\Tools\MSVC\14.39.33519\include\ostream(258,39):
  或    “std::basic_ostream<char,std::char_traits<char>> &std::basic_ostream<char,std::char_traits<char>>::operator <<(unsigned short)”
  	D:\Backup\Desktop\OOP\VS2022\FinalProject\ExporterOBJ.cpp(109,7):
  	“std::basic_ostream<char,std::char_traits<char>> &std::basic_ostream<char,std::char_traits<char>>::operator <<(unsigned short)”: 无法将参数 2 从“const std::vector<float,std::allocator<float>>”转换为“unsigned short”
  		D:\Backup\Desktop\OOP\VS2022\FinalProject\ExporterOBJ.cpp(109,47):
  		没有可用于执行该转换的用户定义的转换运算符，或者无法调用该运算符
  C:\Program Files\Microsoft Visual Studio\2022\Community\VC\Tools\MSVC\14.39.33519\include\ostream(224,39):
  或    “std::basic_ostream<char,std::char_traits<char>> &std::basic_ostream<char,std::char_traits<char>>::operator <<(short)”
  	D:\Backup\Desktop\OOP\VS2022\FinalProject\ExporterOBJ.cpp(109,7):
  	“std::basic_ostream<char,std::char_traits<char>> &std::basic_ostream<char,std::char_traits<char>>::operator <<(short)”: 无法将参数 2 从“const std::vector<float,std::allocator<float>>”转换为“short”
  		D:\Backup\Desktop\OOP\VS2022\FinalProject\ExporterOBJ.cpp(109,47):
  		没有可用于执行该转换的用户定义的转换运算符，或者无法调用该运算符
  C:\Program Files\Microsoft Visual Studio\2022\Community\VC\Tools\MSVC\14.39.33519\include\ostream(206,39):
  或    “std::basic_ostream<char,std::char_traits<char>> &std::basic_ostream<char,std::char_traits<char>>::operator <<(bool)”
  	D:\Backup\Desktop\OOP\VS2022\FinalProject\ExporterOBJ.cpp(109,7):
  	“std::basic_ostream<char,std::char_traits<char>> &std::basic_ostream<char,std::char_traits<char>>::operator <<(bool)”: 无法将参数 2 从“const std::vector<float,std::allocator<float>>”转换为“bool”
  		D:\Backup\Desktop\OOP\VS2022\FinalProject\ExporterOBJ.cpp(109,47):
  		没有可用于执行该转换的用户定义的转换运算符，或者无法调用该运算符
  C:\Program Files\Microsoft Visual Studio\2022\Community\VC\Tools\MSVC\14.39.33519\include\ostream(200,39):
  或    “std::basic_ostream<char,std::char_traits<char>> &std::basic_ostream<char,std::char_traits<char>>::operator <<(std::ios_base &(__cdecl *)(std::ios_base &))”
  	D:\Backup\Desktop\OOP\VS2022\FinalProject\ExporterOBJ.cpp(109,7):
  	“std::basic_ostream<char,std::char_traits<char>> &std::basic_ostream<char,std::char_traits<char>>::operator <<(std::ios_base &(__cdecl *)(std::ios_base &))”: 无法将参数 2 从“const std::vector<float,std::allocator<float>>”转换为“std::ios_base &(__cdecl *)(std::ios_base &)”
  		D:\Backup\Desktop\OOP\VS2022\FinalProject\ExporterOBJ.cpp(109,47):
  		没有可用于执行该转换的用户定义的转换运算符，或者无法调用该运算符
  C:\Program Files\Microsoft Visual Studio\2022\Community\VC\Tools\MSVC\14.39.33519\include\ostream(194,39):
  或    “std::basic_ostream<char,std::char_traits<char>> &std::basic_ostream<char,std::char_traits<char>>::operator <<(std::basic_ios<char,std::char_traits<char>> &(__cdecl *)(std::basic_ios<char,std::char_traits<char>> &))”
  	D:\Backup\Desktop\OOP\VS2022\FinalProject\ExporterOBJ.cpp(109,7):
  	“std::basic_ostream<char,std::char_traits<char>> &std::basic_ostream<char,std::char_traits<char>>::operator <<(std::basic_ios<char,std::char_traits<char>> &(__cdecl *)(std::basic_ios<char,std::char_traits<char>> &))”: 无法将参数 2 从“const std::vector<float,std::allocator<float>>”转换为“std::basic_ios<char,std::char_traits<char>> &(__cdecl *)(std::basic_ios<char,std::char_traits<char>> &)”
  		D:\Backup\Desktop\OOP\VS2022\FinalProject\ExporterOBJ.cpp(109,47):
  		没有可用于执行该转换的用户定义的转换运算符，或者无法调用该运算符
  C:\Program Files\Microsoft Visual Studio\2022\Community\VC\Tools\MSVC\14.39.33519\include\ostream(189,39):
  或    “std::basic_ostream<char,std::char_traits<char>> &std::basic_ostream<char,std::char_traits<char>>::operator <<(std::basic_ostream<char,std::char_traits<char>> &(__cdecl *)(std::basic_ostream<char,std::char_traits<char>> &))”
  	D:\Backup\Desktop\OOP\VS2022\FinalProject\ExporterOBJ.cpp(109,7):
  	“std::basic_ostream<char,std::char_traits<char>> &std::basic_ostream<char,std::char_traits<char>>::operator <<(std::basic_ostream<char,std::char_traits<char>> &(__cdecl *)(std::basic_ostream<char,std::char_traits<char>> &))”: 无法将参数 2 从“const std::vector<float,std::allocator<float>>”转换为“std::basic_ostream<char,std::char_traits<char>> &(__cdecl *)(std::basic_ostream<char,std::char_traits<char>> &)”
  		D:\Backup\Desktop\OOP\VS2022\FinalProject\ExporterOBJ.cpp(109,47):
  		没有可用于执行该转换的用户定义的转换运算符，或者无法调用该运算符
  C:\Program Files\Microsoft Visual Studio\2022\Community\VC\Tools\MSVC\14.39.33519\include\ostream(1080,32):
  或    “std::basic_ostream<_Elem,_Traits> &std::operator <<(std::basic_ostream<_Elem,_Traits> &,const std::error_code &)”
  	D:\Backup\Desktop\OOP\VS2022\FinalProject\ExporterOBJ.cpp(109,47):
  	“初始化”: 无法从“const std::vector<float,std::allocator<float>>”转换为“const std::error_code &”
  		D:\Backup\Desktop\OOP\VS2022\FinalProject\ExporterOBJ.cpp(109,47):
  		原因如下: 无法从“const std::vector<float,std::allocator<float>>”转换为“const std::error_code”
  		D:\Backup\Desktop\OOP\VS2022\FinalProject\ExporterOBJ.cpp(109,47):
  		没有可用于执行该转换的用户定义的转换运算符，或者无法调用该运算符
  C:\Program Files\Microsoft Visual Studio\2022\Community\VC\Tools\MSVC\14.39.33519\include\ostream(1003,9):
  或    “_Ostr &&std::operator <<(_Ostr &&,const _Ty &)”
  	D:\Backup\Desktop\OOP\VS2022\FinalProject\ExporterOBJ.cpp(109,7):
  	“_Ostr &&std::operator <<(_Ostr &&,const _Ty &)”: 无法推导“__formal”的 模板 参数
  		C:\Program Files\Microsoft Visual Studio\2022\Community\VC\Tools\MSVC\14.39.33519\include\ostream(1002,103):
  		“<template-parameter>”: 无法创建指向引用的指针
  C:\Program Files\Microsoft Visual Studio\2022\Community\VC\Tools\MSVC\14.39.33519\include\ostream(945,31):
  或    “std::basic_ostream<char,_Traits> &std::operator <<(std::basic_ostream<char,_Traits> &,unsigned char)”
  	D:\Backup\Desktop\OOP\VS2022\FinalProject\ExporterOBJ.cpp(109,47):
  	“初始化”: 无法从“const std::vector<float,std::allocator<float>>”转换为“unsigned char”
  		D:\Backup\Desktop\OOP\VS2022\FinalProject\ExporterOBJ.cpp(109,47):
  		没有可用于执行该转换的用户定义的转换运算符，或者无法调用该运算符
  C:\Program Files\Microsoft Visual Studio\2022\Community\VC\Tools\MSVC\14.39.33519\include\ostream(939,31):
  或    “std::basic_ostream<char,_Traits> &std::operator <<(std::basic_ostream<char,_Traits> &,const unsigned char *)”
  	D:\Backup\Desktop\OOP\VS2022\FinalProject\ExporterOBJ.cpp(109,47):
  	“初始化”: 无法从“const std::vector<float,std::allocator<float>>”转换为“const unsigned char *”
  		D:\Backup\Desktop\OOP\VS2022\FinalProject\ExporterOBJ.cpp(109,47):
  		没有可用于执行该转换的用户定义的转换运算符，或者无法调用该运算符
  C:\Program Files\Microsoft Visual Studio\2022\Community\VC\Tools\MSVC\14.39.33519\include\ostream(934,31):
  或    “std::basic_ostream<char,_Traits> &std::operator <<(std::basic_ostream<char,_Traits> &,signed char)”
  	D:\Backup\Desktop\OOP\VS2022\FinalProject\ExporterOBJ.cpp(109,47):
  	“初始化”: 无法从“const std::vector<float,std::allocator<float>>”转换为“signed char”
  		D:\Backup\Desktop\OOP\VS2022\FinalProject\ExporterOBJ.cpp(109,47):
  		没有可用于执行该转换的用户定义的转换运算符，或者无法调用该运算符
  C:\Program Files\Microsoft Visual Studio\2022\Community\VC\Tools\MSVC\14.39.33519\include\ostream(928,31):
  或    “std::basic_ostream<char,_Traits> &std::operator <<(std::basic_ostream<char,_Traits> &,const signed char *)”
  	D:\Backup\Desktop\OOP\VS2022\FinalProject\ExporterOBJ.cpp(109,47):
  	“初始化”: 无法从“const std::vector<float,std::allocator<float>>”转换为“const signed char *”
  		D:\Backup\Desktop\OOP\VS2022\FinalProject\ExporterOBJ.cpp(109,47):
  		没有可用于执行该转换的用户定义的转换运算符，或者无法调用该运算符
  C:\Program Files\Microsoft Visual Studio\2022\Community\VC\Tools\MSVC\14.39.33519\include\ostream(892,32):
  或    “std::basic_ostream<_Elem,_Traits> &std::operator <<(std::basic_ostream<_Elem,_Traits> &,_Elem)”
  	D:\Backup\Desktop\OOP\VS2022\FinalProject\ExporterOBJ.cpp(109,7):
  	“std::basic_ostream<_Elem,_Traits> &std::operator <<(std::basic_ostream<_Elem,_Traits> &,_Elem)”: 模板 参数“_Elem”不明确
  		D:\Backup\Desktop\OOP\VS2022\FinalProject\ExporterOBJ.cpp(109,7):
  		可能是“std::vector<float,std::allocator<float>>”
  		D:\Backup\Desktop\OOP\VS2022\FinalProject\ExporterOBJ.cpp(109,7):
  		或    “char”
  	D:\Backup\Desktop\OOP\VS2022\FinalProject\ExporterOBJ.cpp(109,7):
  	“std::basic_ostream<_Elem,_Traits> &std::operator <<(std::basic_ostream<_Elem,_Traits> &,_Elem)”: 无法从“const std::vector<float,std::allocator<float>>”推导出“_Elem”的 模板 参数
  C:\Program Files\Microsoft Visual Studio\2022\Community\VC\Tools\MSVC\14.39.33519\include\ostream(849,32):
  或    “std::basic_ostream<_Elem,_Traits> &std::operator <<(std::basic_ostream<_Elem,_Traits> &,const _Elem *)”
  	D:\Backup\Desktop\OOP\VS2022\FinalProject\ExporterOBJ.cpp(109,7):
  	“std::basic_ostream<_Elem,_Traits> &std::operator <<(std::basic_ostream<_Elem,_Traits> &,const _Elem *)”: 无法从“const std::vector<float,std::allocator<float>>”推导出“const _Elem *”的 模板 参数
  C:\Program Files\Microsoft Visual Studio\2022\Community\VC\Tools\MSVC\14.39.33519\include\ostream(811,31):
  或    “std::basic_ostream<char,_Traits> &std::operator <<(std::basic_ostream<char,_Traits> &,char)”
  	D:\Backup\Desktop\OOP\VS2022\FinalProject\ExporterOBJ.cpp(109,47):
  	“初始化”: 无法从“const std::vector<float,std::allocator<float>>”转换为“char”
  		D:\Backup\Desktop\OOP\VS2022\FinalProject\ExporterOBJ.cpp(109,47):
  		没有可用于执行该转换的用户定义的转换运算符，或者无法调用该运算符
  C:\Program Files\Microsoft Visual Studio\2022\Community\VC\Tools\MSVC\14.39.33519\include\ostream(766,31):
  或    “std::basic_ostream<char,_Traits> &std::operator <<(std::basic_ostream<char,_Traits> &,const char *)”
  	D:\Backup\Desktop\OOP\VS2022\FinalProject\ExporterOBJ.cpp(109,47):
  	“初始化”: 无法从“const std::vector<float,std::allocator<float>>”转换为“const char *”
  		D:\Backup\Desktop\OOP\VS2022\FinalProject\ExporterOBJ.cpp(109,47):
  		没有可用于执行该转换的用户定义的转换运算符，或者无法调用该运算符
  C:\Program Files\Microsoft Visual Studio\2022\Community\VC\Tools\MSVC\14.39.33519\include\ostream(730,32):
  或    “std::basic_ostream<_Elem,_Traits> &std::operator <<(std::basic_ostream<_Elem,_Traits> &,char)”
  	D:\Backup\Desktop\OOP\VS2022\FinalProject\ExporterOBJ.cpp(109,47):
  	“初始化”: 无法从“const std::vector<float,std::allocator<float>>”转换为“char”
  		D:\Backup\Desktop\OOP\VS2022\FinalProject\ExporterOBJ.cpp(109,47):
  		没有可用于执行该转换的用户定义的转换运算符，或者无法调用该运算符
  C:\Program Files\Microsoft Visual Studio\2022\Community\VC\Tools\MSVC\14.39.33519\include\ostream(686,32):
  或    “std::basic_ostream<_Elem,_Traits> &std::operator <<(std::basic_ostream<_Elem,_Traits> &,const char *)”
  	D:\Backup\Desktop\OOP\VS2022\FinalProject\ExporterOBJ.cpp(109,47):
  	“初始化”: 无法从“const std::vector<float,std::allocator<float>>”转换为“const char *”
  		D:\Backup\Desktop\OOP\VS2022\FinalProject\ExporterOBJ.cpp(109,47):
  		没有可用于执行该转换的用户定义的转换运算符，或者无法调用该运算符
  C:\Program Files\Microsoft Visual Studio\2022\Community\VC\Tools\MSVC\14.39.33519\include\memory(3598,32):
  或    “std::basic_ostream<_Elem,_Traits> &std::operator <<(std::basic_ostream<_Elem,_Traits> &,const std::unique_ptr<_Ty2,_Dx2> &)”
  	D:\Backup\Desktop\OOP\VS2022\FinalProject\ExporterOBJ.cpp(109,7):
  	“std::basic_ostream<_Elem,_Traits> &std::operator <<(std::basic_ostream<_Elem,_Traits> &,const std::unique_ptr<_Ty2,_Dx2> &)”: 无法从“const std::vector<float,std::allocator<float>>”推导出“const std::unique_ptr<_Ty2,_Dx2> &”的 模板 参数
  C:\Program Files\Microsoft Visual Studio\2022\Community\VC\Tools\MSVC\14.39.33519\include\memory(1946,32):
  或    “std::basic_ostream<_Elem,_Traits> &std::operator <<(std::basic_ostream<_Elem,_Traits> &,const std::shared_ptr<_Ty> &)”
  	D:\Backup\Desktop\OOP\VS2022\FinalProject\ExporterOBJ.cpp(109,7):
  	“std::basic_ostream<_Elem,_Traits> &std::operator <<(std::basic_ostream<_Elem,_Traits> &,const std::shared_ptr<_Ty> &)”: 无法从“const std::vector<float,std::allocator<float>>”推导出“const std::shared_ptr<_Ty> &”的 模板 参数
  C:\Program Files\Microsoft Visual Studio\2022\Community\VC\Tools\MSVC\14.39.33519\include\xstring(5228,32):
  或    “std::basic_ostream<_Elem,_Traits> &std::operator <<(std::basic_ostream<_Elem,_Traits> &,const std::basic_string<_Elem,_Traits,_Alloc> &)”
  	D:\Backup\Desktop\OOP\VS2022\FinalProject\ExporterOBJ.cpp(109,7):
  	“std::basic_ostream<_Elem,_Traits> &std::operator <<(std::basic_ostream<_Elem,_Traits> &,const std::basic_string<_Elem,_Traits,_Alloc> &)”: 无法从“const std::vector<float,std::allocator<float>>”推导出“const std::basic_string<_Elem,_Traits,_Alloc> &”的 模板 参数
  D:\Backup\Desktop\OOP\VS2022\FinalProject\ExporterOBJ.cpp(109,7):
  尝试匹配参数列表“(std::basic_ostream<char,std::char_traits<char>>, const std::vector<float,std::allocator<float>>)”时
  
D:\Backup\Desktop\OOP\VS2022\FinalProject\ImporterOBJ.cpp(1,1): warning C4819: 该文件包含不能在当前代码页(936)中表示的字符。请将该文件保存为 Unicode 格式以防止数据丢失
  (编译源文件“FinalProject.cpp”)
  
D:\Backup\Desktop\OOP\VS2022\FinalProject\ImporterOBJ.hpp(1,1): warning C4819: 该文件包含不能在当前代码页(936)中表示的字符。请将该文件保存为 Unicode 格式以防止数据丢失
  (编译源文件“FinalProject.cpp”)
  
D:\Backup\Desktop\OOP\VS2022\FinalProject\Importer.hpp(1,1): warning C4819: 该文件包含不能在当前代码页(936)中表示的字符。请将该文件保存为 Unicode 格式以防止数据丢失
  (编译源文件“FinalProject.cpp”)
  
